<?xml version="1.0" encoding="UTF-8"?>
<!-- Generated by org.testng.reporters.JUnitXMLReporter -->
<testsuite ignored="3" hostname="Pratik" failures="0" tests="1" name="Default test" time="5.842" errors="0" timestamp="2024-07-10T23:25:25 IST">
  <testcase classname="Testng_Junit.task" name="multcheck" time="0.477"/>
  <testcase classname="Testng_Junit.task" name="Test1" time="0.0">
    <ignored/>
  </testcase> <!-- Test1 -->
  <testcase classname="Testng_Junit.task" name="multradio" time="0.0">
    <ignored/>
  </testcase> <!-- multradio -->
  <testcase classname="Testng_Junit.task" name="Test" time="0.0">
    <ignored/>
  </testcase> <!-- Test -->
</testsuite> <!-- Default test -->
