<?xml version="1.0" encoding="UTF-8"?>
<testng-results ignored="3" total="4" passed="1" failed="0" skipped="0">
  <reporter-output>
  </reporter-output>
  <suite started-at="2024-07-10T23:25:19 IST" name="Default suite" finished-at="2024-07-10T23:25:25 IST" duration-ms="5842">
    <groups>
    </groups>
    <test started-at="2024-07-10T23:25:19 IST" name="Default test" finished-at="2024-07-10T23:25:25 IST" duration-ms="5842">
      <class name="Testng_Junit.task">
        <test-method is-config="true" signature="bt()[pri:0, instance:Testng_Junit.task@5824a83d]" started-at="2024-07-10T23:25:19 IST" name="bt" finished-at="2024-07-10T23:25:24 IST" duration-ms="5237" status="PASS">
          <reporter-output>
          </reporter-output>
        </test-method> <!-- bt -->
        <test-method signature="multcheck()[pri:0, instance:Testng_Junit.task@5824a83d]" started-at="2024-07-10T23:25:24 IST" name="multcheck" finished-at="2024-07-10T23:25:25 IST" duration-ms="477" status="PASS">
          <reporter-output>
          </reporter-output>
        </test-method> <!-- multcheck -->
      </class> <!-- Testng_Junit.task -->
    </test> <!-- Default test -->
  </suite> <!-- Default suite -->
</testng-results>
